[handleMsg]:  {
  key: {
    remoteJid: '59172823861@s.whatsapp.net',
    fromMe: false,
    id: '3EB051B9031228DA03D4DB',
    participant: undefined
  },
  messageTimestamp: 1689996445,
  pushName: 'Iptv Bolivia',
  broadcast: false,
  message: Message {
    extendedTextMessage: ExtendedTextMessage {
      text: 'hola',
      previewType: 0,
      contextInfo: [ContextInfo],
      inviteLinkGroupTypeV2: 0
    },
    messageContextInfo: MessageContextInfo {
      deviceListMetadata: [DeviceListMetadata],
      deviceListMetadataVersion: 2
    }
  },
  body: 'hola',
  from: '59172823861'
}
[handleMsg]:  {
  key: {
    remoteJid: '59172823861@s.whatsapp.net',
    fromMe: false,
    id: '3EB0BF2D8E8416B4A96E2D',
    participant: undefined
  },
  messageTimestamp: 1689996452,
  pushName: 'Iptv Bolivia',
  broadcast: false,
  message: Message {
    extendedTextMessage: ExtendedTextMessage {
      text: '54684',
      previewType: 0,
      contextInfo: [ContextInfo],
      inviteLinkGroupTypeV2: 0
    },
    messageContextInfo: MessageContextInfo {
      deviceListMetadata: [DeviceListMetadata],
      deviceListMetadataVersion: 2
    }
  },
  body: '54684',
  from: '59172823861'
}
